<?xml version="1.0" encoding="UTF-8"?>
<!-- Generated by org.testng.reporters.JUnitReportReporter -->
<testsuite hostname="Sarfaraj_Doni" name="home.Link.TabClickable" tests="1" failures="0" timestamp="10 Mar 2016 13:11:14 GMT" time="111.377" errors="0">
  <testcase name="verifyTabBannerClickable" time="111.377" classname="home.Link.TabClickable"/>
</testsuite> <!-- home.Link.TabClickable -->
