<?xml version="1.0" encoding="UTF-8"?>
<!-- Generated by org.testng.reporters.JUnitReportReporter -->
<testsuite hostname="Sarfaraj_Doni" name="home.Link.UI_Element_Verification" tests="1" failures="0" timestamp="26 Apr 2016 13:21:58 GMT" time="62.480" errors="0">
  <testcase name="Login_UIElementVerification" time="62.480" classname="home.Link.UI_Element_Verification"/>
</testsuite> <!-- home.Link.UI_Element_Verification -->
