<?xml version="1.0" encoding="UTF-8"?>
<!-- Generated by org.testng.reporters.JUnitReportReporter -->
<testsuite hostname="Sarfaraj_Doni" name="home.Link.TestCase1" tests="1" failures="0" timestamp="15 Mar 2016 13:13:06 GMT" time="0.424" errors="0">
  <testcase name="Test1" time="0.424" classname="home.Link.TestCase1"/>
</testsuite> <!-- home.Link.TestCase1 -->
