<?xml version="1.0" encoding="UTF-8"?>
<!-- Generated by org.testng.reporters.JUnitReportReporter -->
<testsuite hostname="Sarfaraj_Doni" name="basicScripts.BasicTest" tests="1" failures="0" timestamp="30 Sep 2016 12:02:58 GMT" time="9.434" errors="0">
  <testcase name="Test" time="9.434" classname="basicScripts.BasicTest"/>
</testsuite> <!-- basicScripts.BasicTest -->
