<?xml version="1.0" encoding="UTF-8"?>
<!-- Generated by org.testng.reporters.JUnitReportReporter -->
<testsuite hostname="Sarfaraj_Doni" name="basicScripts.BasicTest" tests="1" failures="0" timestamp="3 Oct 2016 12:54:43 GMT" time="63.338" errors="0">
  <testcase name="Test" time="63.338" classname="basicScripts.BasicTest"/>
</testsuite> <!-- basicScripts.BasicTest -->
