<?xml version="1.0" encoding="UTF-8"?>
<!-- Generated by org.testng.reporters.JUnitReportReporter -->
<testsuite hostname="Sarfaraj_Doni" name="tripPlanner.TripPlannerTest" tests="1" failures="0" timestamp="28 Apr 2016 13:18:10 GMT" time="51.974" errors="0">
  <testcase name="verifyTripPlannervalidCheck" time="51.974" classname="tripPlanner.TripPlannerTest"/>
</testsuite> <!-- tripPlanner.TripPlannerTest -->
