<?xml version="1.0" encoding="UTF-8"?>
<!-- Generated by org.testng.reporters.JUnitReportReporter -->
<testsuite hostname="Sarfaraj_Doni" name="home.Link.HomePageTest" tests="1" failures="0" timestamp="12 Apr 2016 08:11:56 GMT" time="49.680" errors="0">
  <testcase name="TabBannerColor" time="49.680" classname="home.Link.HomePageTest"/>
</testsuite> <!-- home.Link.HomePageTest -->
